Started GET "/" for 127.0.0.1 at 2020-04-25 15:39:28 +0200
  [1m[35m (6.0ms)[0m  [1m[34mSELECT sqlite_version(*)[0m
Processing by Rails::WelcomeController#index as HTML
  Rendering /home/yasmine/.rvm/gems/ruby-2.7.1/gems/railties-6.0.2.2/lib/rails/templates/rails/welcome/index.html.erb
  Rendered /home/yasmine/.rvm/gems/ruby-2.7.1/gems/railties-6.0.2.2/lib/rails/templates/rails/welcome/index.html.erb (Duration: 36.5ms | Allocations: 406)
Completed 200 OK in 114ms (Views: 61.0ms | ActiveRecord: 0.0ms | Allocations: 2345)


Started GET "/" for 127.0.0.1 at 2020-04-25 15:50:04 +0200
  [1m[35m (13.9ms)[0m  [1m[34mSELECT sqlite_version(*)[0m
Processing by Rails::WelcomeController#index as HTML
  Rendering /home/yasmine/.rvm/gems/ruby-2.7.1/gems/railties-6.0.2.2/lib/rails/templates/rails/welcome/index.html.erb
  Rendered /home/yasmine/.rvm/gems/ruby-2.7.1/gems/railties-6.0.2.2/lib/rails/templates/rails/welcome/index.html.erb (Duration: 49.9ms | Allocations: 294)
Completed 200 OK in 195ms (Views: 114.4ms | ActiveRecord: 0.0ms | Allocations: 1641)


Started GET "/" for 127.0.0.1 at 2020-04-25 15:52:59 +0200
  [1m[35m (0.2ms)[0m  [1m[34mSELECT sqlite_version(*)[0m
Processing by WelcomeController#index as HTML
  Rendering welcome/index.html.erb within layouts/application
  Rendered welcome/index.html.erb within layouts/application (Duration: 13.8ms | Allocations: 73)
[Webpacker] Compiling...
[Webpacker] Compiled all packs in /home/yasmine/blog/public/packs
[Webpacker] Hash: 32e57f147dbdcbbf0c82
Version: webpack 4.43.0
Time: 11592ms
Built at: 04/25/2020 3:53:19 PM
                                     Asset       Size       Chunks                         Chunk Names
    js/application-bbe9c4a129ab949e0636.js    124 KiB  application  [emitted] [immutable]  application
js/application-bbe9c4a129ab949e0636.js.map    139 KiB  application  [emitted] [dev]        application
                             manifest.json  364 bytes               [emitted]              
Entrypoint application = js/application-bbe9c4a129ab949e0636.js js/application-bbe9c4a129ab949e0636.js.map
[./app/javascript/channels sync recursive _channel\.js$] ./app/javascript/channels sync _channel\.js$ 160 bytes {application} [built]
[./app/javascript/channels/index.js] 211 bytes {application} [built]
[./app/javascript/packs/application.js] 749 bytes {application} [built]
[./node_modules/webpack/buildin/module.js] (webpack)/buildin/module.js 552 bytes {application} [built]
    + 3 hidden modules

Completed 200 OK in 20109ms (Views: 20102.5ms | ActiveRecord: 0.0ms | Allocations: 17038)


Started GET "/articles/new" for 127.0.0.1 at 2020-04-25 16:02:46 +0200
  [1m[35m (0.4ms)[0m  [1m[34mSELECT sqlite_version(*)[0m
Processing by ArticlesController#new as HTML
  Rendering articles/new.html.erb within layouts/application
  Rendered articles/new.html.erb within layouts/application (Duration: 0.8ms | Allocations: 81)
[Webpacker] Everything's up-to-date. Nothing to do
Completed 200 OK in 226ms (Views: 222.0ms | ActiveRecord: 0.0ms | Allocations: 12015)


Started GET "/articles/new" for 127.0.0.1 at 2020-04-25 16:03:38 +0200
Processing by ArticlesController#new as HTML
  Rendering articles/new.html.erb within layouts/application
  Rendered articles/new.html.erb within layouts/application (Duration: 163.4ms | Allocations: 6017)
[Webpacker] Everything's up-to-date. Nothing to do
Completed 200 OK in 196ms (Views: 193.7ms | ActiveRecord: 0.0ms | Allocations: 10134)


Started GET "/articles/new" for 127.0.0.1 at 2020-04-25 16:06:02 +0200
Processing by ArticlesController#new as HTML
  Rendering articles/new.html.erb within layouts/application
  Rendered articles/new.html.erb within layouts/application (Duration: 4.6ms | Allocations: 682)
[Webpacker] Everything's up-to-date. Nothing to do
Completed 200 OK in 27ms (Views: 24.3ms | ActiveRecord: 0.0ms | Allocations: 4898)


Started POST "/articles" for 127.0.0.1 at 2020-04-25 16:07:33 +0200
  
AbstractController::ActionNotFound (The action 'create' could not be found for ArticlesController):
  
actionpack (6.0.2.2) lib/abstract_controller/base.rb:131:in `process'
actionview (6.0.2.2) lib/action_view/rendering.rb:39:in `process'
actionpack (6.0.2.2) lib/action_controller/metal.rb:191:in `dispatch'
actionpack (6.0.2.2) lib/action_controller/metal.rb:252:in `dispatch'
actionpack (6.0.2.2) lib/action_dispatch/routing/route_set.rb:51:in `dispatch'
actionpack (6.0.2.2) lib/action_dispatch/routing/route_set.rb:33:in `serve'
actionpack (6.0.2.2) lib/action_dispatch/journey/router.rb:49:in `block in serve'
actionpack (6.0.2.2) lib/action_dispatch/journey/router.rb:32:in `each'
actionpack (6.0.2.2) lib/action_dispatch/journey/router.rb:32:in `serve'
actionpack (6.0.2.2) lib/action_dispatch/routing/route_set.rb:837:in `call'
rack (2.2.2) lib/rack/tempfile_reaper.rb:15:in `call'
rack (2.2.2) lib/rack/etag.rb:27:in `call'
rack (2.2.2) lib/rack/conditional_get.rb:40:in `call'
rack (2.2.2) lib/rack/head.rb:12:in `call'
actionpack (6.0.2.2) lib/action_dispatch/http/content_security_policy.rb:18:in `call'
rack (2.2.2) lib/rack/session/abstract/id.rb:266:in `context'
rack (2.2.2) lib/rack/session/abstract/id.rb:260:in `call'
actionpack (6.0.2.2) lib/action_dispatch/middleware/cookies.rb:648:in `call'
activerecord (6.0.2.2) lib/active_record/migration.rb:567:in `call'
actionpack (6.0.2.2) lib/action_dispatch/middleware/callbacks.rb:27:in `block in call'
activesupport (6.0.2.2) lib/active_support/callbacks.rb:101:in `run_callbacks'
actionpack (6.0.2.2) lib/action_dispatch/middleware/callbacks.rb:26:in `call'
actionpack (6.0.2.2) lib/action_dispatch/middleware/executor.rb:14:in `call'
actionpack (6.0.2.2) lib/action_dispatch/middleware/actionable_exceptions.rb:17:in `call'
actionpack (6.0.2.2) lib/action_dispatch/middleware/debug_exceptions.rb:32:in `call'
web-console (4.0.1) lib/web_console/middleware.rb:132:in `call_app'
web-console (4.0.1) lib/web_console/middleware.rb:28:in `block in call'
web-console (4.0.1) lib/web_console/middleware.rb:17:in `catch'
web-console (4.0.1) lib/web_console/middleware.rb:17:in `call'
actionpack (6.0.2.2) lib/action_dispatch/middleware/show_exceptions.rb:33:in `call'
railties (6.0.2.2) lib/rails/rack/logger.rb:38:in `call_app'
railties (6.0.2.2) lib/rails/rack/logger.rb:26:in `block in call'
activesupport (6.0.2.2) lib/active_support/tagged_logging.rb:80:in `block in tagged'
activesupport (6.0.2.2) lib/active_support/tagged_logging.rb:28:in `tagged'
activesupport (6.0.2.2) lib/active_support/tagged_logging.rb:80:in `tagged'
railties (6.0.2.2) lib/rails/rack/logger.rb:26:in `call'
sprockets-rails (3.2.1) lib/sprockets/rails/quiet_assets.rb:13:in `call'
actionpack (6.0.2.2) lib/action_dispatch/middleware/remote_ip.rb:81:in `call'
actionpack (6.0.2.2) lib/action_dispatch/middleware/request_id.rb:27:in `call'
rack (2.2.2) lib/rack/method_override.rb:24:in `call'
rack (2.2.2) lib/rack/runtime.rb:22:in `call'
activesupport (6.0.2.2) lib/active_support/cache/strategy/local_cache_middleware.rb:29:in `call'
actionpack (6.0.2.2) lib/action_dispatch/middleware/executor.rb:14:in `call'
actionpack (6.0.2.2) lib/action_dispatch/middleware/static.rb:126:in `call'
rack (2.2.2) lib/rack/sendfile.rb:110:in `call'
actionpack (6.0.2.2) lib/action_dispatch/middleware/host_authorization.rb:83:in `call'
webpacker (4.2.2) lib/webpacker/dev_server_proxy.rb:23:in `perform_request'
rack-proxy (0.6.5) lib/rack/proxy.rb:57:in `call'
railties (6.0.2.2) lib/rails/engine.rb:526:in `call'
puma (4.3.3) lib/puma/configuration.rb:228:in `call'
puma (4.3.3) lib/puma/server.rb:682:in `handle_request'
puma (4.3.3) lib/puma/server.rb:472:in `process_client'
puma (4.3.3) lib/puma/server.rb:328:in `block in run'
puma (4.3.3) lib/puma/thread_pool.rb:134:in `block in spawn_thread'
Started POST "/articles" for 127.0.0.1 at 2020-04-25 16:09:26 +0200
  [1m[35m (0.2ms)[0m  [1m[34mSELECT sqlite_version(*)[0m
Processing by ArticlesController#create as HTML
  Parameters: {"authenticity_token"=>"fzONAzdYZzpxYs7Bo2KGNN6lL9AqNeVw3Ix+bhxK01dsVEvIV+WdhWRcqJxCfZpVg/yvGfoh/gD1dAjKSVl4ig==", "article"=>{"title"=>"first post", "text"=>"this is my first post"}, "commit"=>"Save Article"}
  Rendering text template
  Rendered text template (Duration: 0.1ms | Allocations: 1)
Completed 200 OK in 21ms (Views: 18.8ms | ActiveRecord: 0.0ms | Allocations: 727)


  [1m[35m (1.5ms)[0m  [1m[34mSELECT sqlite_version(*)[0m
  [1m[35m (99.3ms)[0m  [1m[35mCREATE TABLE "schema_migrations" ("version" varchar NOT NULL PRIMARY KEY)[0m
  [1m[35m (99.7ms)[0m  [1m[35mCREATE TABLE "ar_internal_metadata" ("key" varchar NOT NULL PRIMARY KEY, "value" varchar, "created_at" datetime(6) NOT NULL, "updated_at" datetime(6) NOT NULL)[0m
  [1m[35m (0.6ms)[0m  [1m[34mSELECT "schema_migrations"."version" FROM "schema_migrations" ORDER BY "schema_migrations"."version" ASC[0m
Migrating to CreateArticles (20200425140954)
  [1m[35m (0.2ms)[0m  [1m[36mbegin transaction[0m
  [1m[35m (1.9ms)[0m  [1m[35mCREATE TABLE "articles" ("id" integer PRIMARY KEY AUTOINCREMENT NOT NULL, "title" varchar, "text" text, "created_at" datetime(6) NOT NULL, "updated_at" datetime(6) NOT NULL)[0m
  [1m[36mprimary::SchemaMigration Create (0.6ms)[0m  [1m[32mINSERT INTO "schema_migrations" ("version") VALUES (?)[0m  [["version", "20200425140954"]]
  [1m[35m (96.2ms)[0m  [1m[36mcommit transaction[0m
  [1m[36mActiveRecord::InternalMetadata Load (0.5ms)[0m  [1m[34mSELECT "ar_internal_metadata".* FROM "ar_internal_metadata" WHERE "ar_internal_metadata"."key" = ? LIMIT ?[0m  [["key", "environment"], ["LIMIT", 1]]
  [1m[35m (0.2ms)[0m  [1m[36mbegin transaction[0m
  [1m[36mActiveRecord::InternalMetadata Create (0.9ms)[0m  [1m[32mINSERT INTO "ar_internal_metadata" ("key", "value", "created_at", "updated_at") VALUES (?, ?, ?, ?)[0m  [["key", "environment"], ["value", "development"], ["created_at", "2020-04-25 14:11:33.740633"], ["updated_at", "2020-04-25 14:11:33.740633"]]
  [1m[35m (74.6ms)[0m  [1m[36mcommit transaction[0m
  [1m[35m (0.2ms)[0m  [1m[34mSELECT sqlite_version(*)[0m
  [1m[35m (0.5ms)[0m  [1m[34mSELECT "schema_migrations"."version" FROM "schema_migrations" ORDER BY "schema_migrations"."version" ASC[0m
Started POST "/articles" for 127.0.0.1 at 2020-04-25 16:14:32 +0200
  [1m[35m (0.2ms)[0m  [1m[34mSELECT sqlite_version(*)[0m
  [1m[35m (0.5ms)[0m  [1m[34mSELECT "schema_migrations"."version" FROM "schema_migrations" ORDER BY "schema_migrations"."version" ASC[0m
Processing by ArticlesController#create as HTML
  Parameters: {"authenticity_token"=>"fzONAzdYZzpxYs7Bo2KGNN6lL9AqNeVw3Ix+bhxK01dsVEvIV+WdhWRcqJxCfZpVg/yvGfoh/gD1dAjKSVl4ig==", "article"=>{"title"=>"first post", "text"=>"this is my first post"}, "commit"=>"Save Article"}
  [1m[35m (0.1ms)[0m  [1m[36mbegin transaction[0m
  ↳ app/controllers/articles_controller.rb:7:in `create'
  [1m[36mArticle Create (0.9ms)[0m  [1m[32mINSERT INTO "articles" ("title", "text", "created_at", "updated_at") VALUES (?, ?, ?, ?)[0m  [["title", "first post"], ["text", "this is my first post"], ["created_at", "2020-04-25 14:14:32.540536"], ["updated_at", "2020-04-25 14:14:32.540536"]]
  ↳ app/controllers/articles_controller.rb:7:in `create'
  [1m[35m (105.6ms)[0m  [1m[36mcommit transaction[0m
  ↳ app/controllers/articles_controller.rb:7:in `create'
Redirected to http://localhost:3000/articles/1
Completed 302 Found in 169ms (ActiveRecord: 108.7ms | Allocations: 6889)


Started GET "/articles/1" for 127.0.0.1 at 2020-04-25 16:14:32 +0200
  
AbstractController::ActionNotFound (The action 'show' could not be found for ArticlesController):
  
actionpack (6.0.2.2) lib/abstract_controller/base.rb:131:in `process'
actionview (6.0.2.2) lib/action_view/rendering.rb:39:in `process'
actionpack (6.0.2.2) lib/action_controller/metal.rb:191:in `dispatch'
actionpack (6.0.2.2) lib/action_controller/metal.rb:252:in `dispatch'
actionpack (6.0.2.2) lib/action_dispatch/routing/route_set.rb:51:in `dispatch'
actionpack (6.0.2.2) lib/action_dispatch/routing/route_set.rb:33:in `serve'
actionpack (6.0.2.2) lib/action_dispatch/journey/router.rb:49:in `block in serve'
actionpack (6.0.2.2) lib/action_dispatch/journey/router.rb:32:in `each'
actionpack (6.0.2.2) lib/action_dispatch/journey/router.rb:32:in `serve'
actionpack (6.0.2.2) lib/action_dispatch/routing/route_set.rb:837:in `call'
rack (2.2.2) lib/rack/tempfile_reaper.rb:15:in `call'
rack (2.2.2) lib/rack/etag.rb:27:in `call'
rack (2.2.2) lib/rack/conditional_get.rb:27:in `call'
rack (2.2.2) lib/rack/head.rb:12:in `call'
actionpack (6.0.2.2) lib/action_dispatch/http/content_security_policy.rb:18:in `call'
rack (2.2.2) lib/rack/session/abstract/id.rb:266:in `context'
rack (2.2.2) lib/rack/session/abstract/id.rb:260:in `call'
actionpack (6.0.2.2) lib/action_dispatch/middleware/cookies.rb:648:in `call'
activerecord (6.0.2.2) lib/active_record/migration.rb:567:in `call'
actionpack (6.0.2.2) lib/action_dispatch/middleware/callbacks.rb:27:in `block in call'
activesupport (6.0.2.2) lib/active_support/callbacks.rb:101:in `run_callbacks'
actionpack (6.0.2.2) lib/action_dispatch/middleware/callbacks.rb:26:in `call'
actionpack (6.0.2.2) lib/action_dispatch/middleware/executor.rb:14:in `call'
actionpack (6.0.2.2) lib/action_dispatch/middleware/actionable_exceptions.rb:17:in `call'
actionpack (6.0.2.2) lib/action_dispatch/middleware/debug_exceptions.rb:32:in `call'
web-console (4.0.1) lib/web_console/middleware.rb:132:in `call_app'
web-console (4.0.1) lib/web_console/middleware.rb:28:in `block in call'
web-console (4.0.1) lib/web_console/middleware.rb:17:in `catch'
web-console (4.0.1) lib/web_console/middleware.rb:17:in `call'
actionpack (6.0.2.2) lib/action_dispatch/middleware/show_exceptions.rb:33:in `call'
railties (6.0.2.2) lib/rails/rack/logger.rb:38:in `call_app'
railties (6.0.2.2) lib/rails/rack/logger.rb:26:in `block in call'
activesupport (6.0.2.2) lib/active_support/tagged_logging.rb:80:in `block in tagged'
activesupport (6.0.2.2) lib/active_support/tagged_logging.rb:28:in `tagged'
activesupport (6.0.2.2) lib/active_support/tagged_logging.rb:80:in `tagged'
railties (6.0.2.2) lib/rails/rack/logger.rb:26:in `call'
sprockets-rails (3.2.1) lib/sprockets/rails/quiet_assets.rb:13:in `call'
actionpack (6.0.2.2) lib/action_dispatch/middleware/remote_ip.rb:81:in `call'
actionpack (6.0.2.2) lib/action_dispatch/middleware/request_id.rb:27:in `call'
rack (2.2.2) lib/rack/method_override.rb:24:in `call'
rack (2.2.2) lib/rack/runtime.rb:22:in `call'
activesupport (6.0.2.2) lib/active_support/cache/strategy/local_cache_middleware.rb:29:in `call'
actionpack (6.0.2.2) lib/action_dispatch/middleware/executor.rb:14:in `call'
actionpack (6.0.2.2) lib/action_dispatch/middleware/static.rb:126:in `call'
rack (2.2.2) lib/rack/sendfile.rb:110:in `call'
actionpack (6.0.2.2) lib/action_dispatch/middleware/host_authorization.rb:83:in `call'
webpacker (4.2.2) lib/webpacker/dev_server_proxy.rb:23:in `perform_request'
rack-proxy (0.6.5) lib/rack/proxy.rb:57:in `call'
railties (6.0.2.2) lib/rails/engine.rb:526:in `call'
puma (4.3.3) lib/puma/configuration.rb:228:in `call'
puma (4.3.3) lib/puma/server.rb:682:in `handle_request'
puma (4.3.3) lib/puma/server.rb:472:in `process_client'
puma (4.3.3) lib/puma/server.rb:328:in `block in run'
puma (4.3.3) lib/puma/thread_pool.rb:134:in `block in spawn_thread'
Started POST "/articles" for 127.0.0.1 at 2020-04-25 16:30:41 +0200
  [1m[35m (0.2ms)[0m  [1m[34mSELECT sqlite_version(*)[0m
Processing by ArticlesController#create as HTML
  Parameters: {"authenticity_token"=>"fzONAzdYZzpxYs7Bo2KGNN6lL9AqNeVw3Ix+bhxK01dsVEvIV+WdhWRcqJxCfZpVg/yvGfoh/gD1dAjKSVl4ig==", "article"=>{"title"=>"first post", "text"=>"this is my first post"}, "commit"=>"Save Article"}
  [1m[35m (0.2ms)[0m  [1m[36mbegin transaction[0m
  ↳ app/controllers/articles_controller.rb:7:in `create'
  [1m[36mArticle Create (0.8ms)[0m  [1m[32mINSERT INTO "articles" ("title", "text", "created_at", "updated_at") VALUES (?, ?, ?, ?)[0m  [["title", "first post"], ["text", "this is my first post"], ["created_at", "2020-04-25 14:30:41.592209"], ["updated_at", "2020-04-25 14:30:41.592209"]]
  ↳ app/controllers/articles_controller.rb:7:in `create'
  [1m[35m (63.2ms)[0m  [1m[36mcommit transaction[0m
  ↳ app/controllers/articles_controller.rb:7:in `create'
Redirected to http://localhost:3000/articles/2
Completed 302 Found in 101ms (ActiveRecord: 64.1ms | Allocations: 6084)


Started GET "/articles/2" for 127.0.0.1 at 2020-04-25 16:30:41 +0200
Processing by ArticlesController#show as HTML
  Parameters: {"id"=>"2"}
  Rendering articles/show.html.erb within layouts/application
  Rendered articles/show.html.erb within layouts/application (Duration: 5.4ms | Allocations: 1476)
Completed 500 Internal Server Error in 14ms (ActiveRecord: 0.0ms | Allocations: 2600)


  
ActionView::Template::Error (undefined method `title' for nil:NilClass):
    1: <p>
    2:   <strong>Title:</strong>
    3:   <%= @article.title %>
    4: </p>
    5:  
    6: <p>
  
app/views/articles/show.html.erb:3
Started POST "/articles" for 127.0.0.1 at 2020-04-25 16:33:52 +0200
  [1m[35m (0.2ms)[0m  [1m[34mSELECT sqlite_version(*)[0m
Processing by ArticlesController#create as HTML
  Parameters: {"authenticity_token"=>"fzONAzdYZzpxYs7Bo2KGNN6lL9AqNeVw3Ix+bhxK01dsVEvIV+WdhWRcqJxCfZpVg/yvGfoh/gD1dAjKSVl4ig==", "article"=>{"title"=>"first post", "text"=>"this is my first post"}, "commit"=>"Save Article"}
  [1m[35m (0.2ms)[0m  [1m[36mbegin transaction[0m
  ↳ app/controllers/articles_controller.rb:10:in `create'
  [1m[36mArticle Create (2.8ms)[0m  [1m[32mINSERT INTO "articles" ("title", "text", "created_at", "updated_at") VALUES (?, ?, ?, ?)[0m  [["title", "first post"], ["text", "this is my first post"], ["created_at", "2020-04-25 14:33:52.660495"], ["updated_at", "2020-04-25 14:33:52.660495"]]
  ↳ app/controllers/articles_controller.rb:10:in `create'
  [1m[35m (77.2ms)[0m  [1m[36mcommit transaction[0m
  ↳ app/controllers/articles_controller.rb:10:in `create'
Redirected to http://localhost:3000/articles/3
Completed 302 Found in 124ms (ActiveRecord: 82.2ms | Allocations: 6398)


Started GET "/articles/3" for 127.0.0.1 at 2020-04-25 16:33:52 +0200
Processing by ArticlesController#show as HTML
  Parameters: {"id"=>"3"}
  [1m[36mArticle Load (0.5ms)[0m  [1m[34mSELECT "articles".* FROM "articles" WHERE "articles"."id" = ? LIMIT ?[0m  [["id", 3], ["LIMIT", 1]]
  ↳ app/controllers/articles_controller.rb:5:in `show'
  Rendering articles/show.html.erb within layouts/application
  Rendered articles/show.html.erb within layouts/application (Duration: 0.5ms | Allocations: 12)
[Webpacker] Everything's up-to-date. Nothing to do
Completed 200 OK in 88ms (Views: 78.6ms | ActiveRecord: 0.5ms | Allocations: 4579)


Started GET "/articles" for 127.0.0.1 at 2020-04-25 16:35:51 +0200
  [1m[35m (0.2ms)[0m  [1m[34mSELECT sqlite_version(*)[0m
Processing by ArticlesController#index as HTML
  Rendering articles/index.html.erb within layouts/application
  [1m[36mArticle Load (0.5ms)[0m  [1m[34mSELECT "articles".* FROM "articles"[0m
  ↳ app/views/articles/index.html.erb:10
  Rendered articles/index.html.erb within layouts/application (Duration: 19.7ms | Allocations: 3553)
[Webpacker] Everything's up-to-date. Nothing to do
Completed 200 OK in 48ms (Views: 38.4ms | ActiveRecord: 2.3ms | Allocations: 8058)


Started GET "/articles/1" for 127.0.0.1 at 2020-04-25 16:35:54 +0200
Processing by ArticlesController#show as HTML
  Parameters: {"id"=>"1"}
  [1m[36mArticle Load (0.5ms)[0m  [1m[34mSELECT "articles".* FROM "articles" WHERE "articles"."id" = ? LIMIT ?[0m  [["id", 1], ["LIMIT", 1]]
  ↳ app/controllers/articles_controller.rb:8:in `show'
  Rendering articles/show.html.erb within layouts/application
  Rendered articles/show.html.erb within layouts/application (Duration: 2.7ms | Allocations: 119)
[Webpacker] Everything's up-to-date. Nothing to do
Completed 200 OK in 37ms (Views: 27.4ms | ActiveRecord: 0.5ms | Allocations: 4173)


Started GET "/articles/2" for 127.0.0.1 at 2020-04-25 16:35:57 +0200
Processing by ArticlesController#show as HTML
  Parameters: {"id"=>"2"}
  [1m[36mArticle Load (0.3ms)[0m  [1m[34mSELECT "articles".* FROM "articles" WHERE "articles"."id" = ? LIMIT ?[0m  [["id", 2], ["LIMIT", 1]]
  ↳ app/controllers/articles_controller.rb:8:in `show'
  Rendering articles/show.html.erb within layouts/application
  Rendered articles/show.html.erb within layouts/application (Duration: 0.2ms | Allocations: 11)
[Webpacker] Everything's up-to-date. Nothing to do
Completed 200 OK in 33ms (Views: 26.6ms | ActiveRecord: 0.3ms | Allocations: 3814)


Started GET "/articles/3" for 127.0.0.1 at 2020-04-25 16:35:59 +0200
Processing by ArticlesController#show as HTML
  Parameters: {"id"=>"3"}
  [1m[36mArticle Load (0.3ms)[0m  [1m[34mSELECT "articles".* FROM "articles" WHERE "articles"."id" = ? LIMIT ?[0m  [["id", 3], ["LIMIT", 1]]
  ↳ app/controllers/articles_controller.rb:8:in `show'
  Rendering articles/show.html.erb within layouts/application
  Rendered articles/show.html.erb within layouts/application (Duration: 0.2ms | Allocations: 10)
[Webpacker] Everything's up-to-date. Nothing to do
Completed 200 OK in 18ms (Views: 14.0ms | ActiveRecord: 0.3ms | Allocations: 3803)


Started GET "/articles" for 127.0.0.1 at 2020-04-25 16:46:50 +0200
  [1m[35m (0.2ms)[0m  [1m[34mSELECT sqlite_version(*)[0m
Processing by ArticlesController#index as HTML
  Rendering articles/index.html.erb within layouts/application
  [1m[36mArticle Load (0.6ms)[0m  [1m[34mSELECT "articles".* FROM "articles"[0m
  ↳ app/views/articles/index.html.erb:10
  Rendered articles/index.html.erb within layouts/application (Duration: 5.3ms | Allocations: 926)
[Webpacker] Everything's up-to-date. Nothing to do
Completed 200 OK in 31ms (Views: 26.6ms | ActiveRecord: 0.6ms | Allocations: 5168)


Started GET "/articles/new" for 127.0.0.1 at 2020-04-25 16:46:54 +0200
Processing by ArticlesController#new as HTML
  Rendering articles/new.html.erb within layouts/application
  Rendered articles/new.html.erb within layouts/application (Duration: 7.7ms | Allocations: 727)
[Webpacker] Everything's up-to-date. Nothing to do
Completed 200 OK in 27ms (Views: 24.9ms | ActiveRecord: 0.0ms | Allocations: 4167)


Started GET "/articles" for 127.0.0.1 at 2020-04-25 16:46:57 +0200
Processing by ArticlesController#index as HTML
  Rendering articles/index.html.erb within layouts/application
  [1m[36mArticle Load (0.3ms)[0m  [1m[34mSELECT "articles".* FROM "articles"[0m
  ↳ app/views/articles/index.html.erb:10
  Rendered articles/index.html.erb within layouts/application (Duration: 4.2ms | Allocations: 709)
[Webpacker] Everything's up-to-date. Nothing to do
Completed 200 OK in 28ms (Views: 24.5ms | ActiveRecord: 0.3ms | Allocations: 4022)


Started GET "/articles/new" for 127.0.0.1 at 2020-04-25 16:46:58 +0200
Processing by ArticlesController#new as HTML
  Rendering articles/new.html.erb within layouts/application
  Rendered articles/new.html.erb within layouts/application (Duration: 5.2ms | Allocations: 502)
[Webpacker] Everything's up-to-date. Nothing to do
Completed 200 OK in 36ms (Views: 32.7ms | ActiveRecord: 0.0ms | Allocations: 3804)


Started POST "/articles" for 127.0.0.1 at 2020-04-25 16:47:06 +0200
Processing by ArticlesController#create as HTML
  Parameters: {"authenticity_token"=>"lMXK4nR9BxU2yvFLplPCY9ifo1efvuWR5/kNeociFYHXbG9ESMxZXLJcEyLTtK5k3Um3u4obw/Aj/Srt2yw61w==", "article"=>{"title"=>"second", "text"=>"hhhjjh"}, "commit"=>"Save Article"}
  [1m[35m (0.2ms)[0m  [1m[36mbegin transaction[0m
  ↳ app/controllers/articles_controller.rb:13:in `create'
  [1m[36mArticle Create (1.7ms)[0m  [1m[32mINSERT INTO "articles" ("title", "text", "created_at", "updated_at") VALUES (?, ?, ?, ?)[0m  [["title", "second"], ["text", "hhhjjh"], ["created_at", "2020-04-25 14:47:06.386257"], ["updated_at", "2020-04-25 14:47:06.386257"]]
  ↳ app/controllers/articles_controller.rb:13:in `create'
  [1m[35m (126.3ms)[0m  [1m[36mcommit transaction[0m
  ↳ app/controllers/articles_controller.rb:13:in `create'
Redirected to http://localhost:3000/articles/4
Completed 302 Found in 155ms (ActiveRecord: 128.2ms | Allocations: 3514)


Started GET "/articles/4" for 127.0.0.1 at 2020-04-25 16:47:06 +0200
Processing by ArticlesController#show as HTML
  Parameters: {"id"=>"4"}
  [1m[36mArticle Load (0.5ms)[0m  [1m[34mSELECT "articles".* FROM "articles" WHERE "articles"."id" = ? LIMIT ?[0m  [["id", 4], ["LIMIT", 1]]
  ↳ app/controllers/articles_controller.rb:8:in `show'
  Rendering articles/show.html.erb within layouts/application
  Rendered articles/show.html.erb within layouts/application (Duration: 3.0ms | Allocations: 166)
[Webpacker] Everything's up-to-date. Nothing to do
Completed 200 OK in 24ms (Views: 19.1ms | ActiveRecord: 0.5ms | Allocations: 4112)


Started GET "/articles" for 127.0.0.1 at 2020-04-25 16:47:08 +0200
Processing by ArticlesController#index as HTML
  Rendering articles/index.html.erb within layouts/application
  [1m[36mArticle Load (0.3ms)[0m  [1m[34mSELECT "articles".* FROM "articles"[0m
  ↳ app/views/articles/index.html.erb:10
  Rendered articles/index.html.erb within layouts/application (Duration: 7.8ms | Allocations: 752)
[Webpacker] Everything's up-to-date. Nothing to do
Completed 200 OK in 36ms (Views: 34.1ms | ActiveRecord: 0.3ms | Allocations: 4065)


Started GET "/articles/new" for 127.0.0.1 at 2020-04-25 16:50:13 +0200
  [1m[35m (0.2ms)[0m  [1m[34mSELECT sqlite_version(*)[0m
Processing by ArticlesController#new as HTML
  Rendering articles/new.html.erb within layouts/application
  Rendered articles/new.html.erb within layouts/application (Duration: 5.0ms | Allocations: 1721)
Completed 500 Internal Server Error in 13ms (ActiveRecord: 0.0ms | Allocations: 2875)


  
ActionView::Template::Error (undefined method `errors' for nil:NilClass):
    1: <h1>New Article</h1>
    2: <<%= form_with scope: :article, url: articles_path, local: true do |form| %>
    3:  
    4:     <% if @article.errors.any? %>
    5:       <div id="error_explanation">
    6:         <h2>
    7:           <%= pluralize(@article.errors.count, "error") %> prohibited
  
app/views/articles/new.html.erb:4
app/views/articles/new.html.erb:2
Started GET "/articles" for 127.0.0.1 at 2020-04-25 16:51:11 +0200
  [1m[35m (0.2ms)[0m  [1m[34mSELECT sqlite_version(*)[0m
Processing by ArticlesController#index as HTML
  Rendering articles/index.html.erb within layouts/application
  [1m[36mArticle Load (0.5ms)[0m  [1m[34mSELECT "articles".* FROM "articles"[0m
  ↳ app/views/articles/index.html.erb:10
  Rendered articles/index.html.erb within layouts/application (Duration: 22.8ms | Allocations: 3655)
[Webpacker] Everything's up-to-date. Nothing to do
Completed 200 OK in 51ms (Views: 41.2ms | ActiveRecord: 2.4ms | Allocations: 7847)


Started GET "/articles/new" for 127.0.0.1 at 2020-04-25 16:51:13 +0200
Processing by ArticlesController#new as HTML
  Rendering articles/new.html.erb within layouts/application
  Rendered articles/new.html.erb within layouts/application (Duration: 4.2ms | Allocations: 1425)
Completed 500 Internal Server Error in 9ms (ActiveRecord: 0.0ms | Allocations: 1839)


  
ActionView::Template::Error (undefined method `errors' for nil:NilClass):
    1: <h1>New Article</h1>
    2: <<%= form_with scope: :article, url: articles_path, local: true do |form| %>
    3:  
    4:     <% if @article.errors.any? %>
    5:       <div id="error_explanation">
    6:         <h2>
    7:           <%= pluralize(@article.errors.count, "error") %> prohibited
  
app/views/articles/new.html.erb:4
app/views/articles/new.html.erb:2
Started GET "/articles" for 127.0.0.1 at 2020-04-25 16:51:17 +0200
Processing by ArticlesController#index as HTML
  Rendering articles/index.html.erb within layouts/application
  [1m[36mArticle Load (0.3ms)[0m  [1m[34mSELECT "articles".* FROM "articles"[0m
  ↳ app/views/articles/index.html.erb:10
  Rendered articles/index.html.erb within layouts/application (Duration: 6.6ms | Allocations: 752)
[Webpacker] Everything's up-to-date. Nothing to do
Completed 200 OK in 30ms (Views: 27.8ms | ActiveRecord: 0.3ms | Allocations: 4070)


Started GET "/articles/new" for 127.0.0.1 at 2020-04-25 16:52:32 +0200
  [1m[35m (0.2ms)[0m  [1m[34mSELECT sqlite_version(*)[0m
Processing by ArticlesController#new as HTML
  Rendering articles/new.html.erb within layouts/application
  Rendered articles/new.html.erb within layouts/application (Duration: 3.5ms | Allocations: 1386)
Completed 500 Internal Server Error in 8ms (ActiveRecord: 0.0ms | Allocations: 1966)


  
ActionView::Template::Error (undefined method `errors' for nil:NilClass):
    1: <h1>New Article</h1>
    2: <<%= form_with scope: :article, url: articles_path, local: true do |form| %>
    3:  
    4:     <% if @article.errors.any? %>
    5:       <div id="error_explanation">
    6:         <h2>
    7:           <%= pluralize(@article.errors.count, "error") %> prohibited
  
app/views/articles/new.html.erb:4
app/views/articles/new.html.erb:2
Started GET "/articles" for 127.0.0.1 at 2020-04-25 16:52:40 +0200
Processing by ArticlesController#index as HTML
  Rendering articles/index.html.erb within layouts/application
  [1m[36mArticle Load (0.5ms)[0m  [1m[34mSELECT "articles".* FROM "articles"[0m
  ↳ app/views/articles/index.html.erb:10
  Rendered articles/index.html.erb within layouts/application (Duration: 43.7ms | Allocations: 3466)
[Webpacker] Everything's up-to-date. Nothing to do
Completed 200 OK in 75ms (Views: 63.0ms | ActiveRecord: 2.6ms | Allocations: 7204)


Started GET "/articles/1" for 127.0.0.1 at 2020-04-25 16:53:29 +0200
Processing by ArticlesController#show as HTML
  Parameters: {"id"=>"1"}
  [1m[36mArticle Load (0.4ms)[0m  [1m[34mSELECT "articles".* FROM "articles" WHERE "articles"."id" = ? LIMIT ?[0m  [["id", 1], ["LIMIT", 1]]
  ↳ app/controllers/articles_controller.rb:8:in `show'
  Rendering articles/show.html.erb within layouts/application
  Rendered articles/show.html.erb within layouts/application (Duration: 1.7ms | Allocations: 168)
[Webpacker] Everything's up-to-date. Nothing to do
Completed 200 OK in 41ms (Views: 26.5ms | ActiveRecord: 0.4ms | Allocations: 4214)


Started GET "/articles" for 127.0.0.1 at 2020-04-25 16:53:31 +0200
Processing by ArticlesController#index as HTML
  Rendering articles/index.html.erb within layouts/application
  [1m[36mArticle Load (0.3ms)[0m  [1m[34mSELECT "articles".* FROM "articles"[0m
  ↳ app/views/articles/index.html.erb:10
  Rendered articles/index.html.erb within layouts/application (Duration: 6.6ms | Allocations: 752)
[Webpacker] Everything's up-to-date. Nothing to do
Completed 200 OK in 34ms (Views: 30.2ms | ActiveRecord: 0.3ms | Allocations: 4071)


Started GET "/articles/2" for 127.0.0.1 at 2020-04-25 16:53:32 +0200
Processing by ArticlesController#show as HTML
  Parameters: {"id"=>"2"}
  [1m[36mArticle Load (0.3ms)[0m  [1m[34mSELECT "articles".* FROM "articles" WHERE "articles"."id" = ? LIMIT ?[0m  [["id", 2], ["LIMIT", 1]]
  ↳ app/controllers/articles_controller.rb:8:in `show'
  Rendering articles/show.html.erb within layouts/application
  Rendered articles/show.html.erb within layouts/application (Duration: 0.5ms | Allocations: 41)
[Webpacker] Everything's up-to-date. Nothing to do
Completed 200 OK in 24ms (Views: 17.1ms | ActiveRecord: 0.3ms | Allocations: 3837)


Started GET "/articles/new" for 127.0.0.1 at 2020-04-25 16:53:37 +0200
Processing by ArticlesController#new as HTML
  Rendering articles/new.html.erb within layouts/application
  Rendered articles/new.html.erb within layouts/application (Duration: 7.0ms | Allocations: 1421)
Completed 500 Internal Server Error in 16ms (ActiveRecord: 0.0ms | Allocations: 1842)


  
ActionView::Template::Error (undefined method `errors' for nil:NilClass):
    1: <h1>New Article</h1>
    2: <<%= form_with scope: :article, url: articles_path, local: true do |form| %>
    3:  
    4:     <% if @article.errors.any? %>
    5:       <div id="error_explanation">
    6:         <h2>
    7:           <%= pluralize(@article.errors.count, "error") %> prohibited
  
app/views/articles/new.html.erb:4
app/views/articles/new.html.erb:2
Started GET "/articles/new" for 127.0.0.1 at 2020-04-25 16:53:41 +0200
Processing by ArticlesController#new as HTML
  Rendering articles/new.html.erb within layouts/application
  Rendered articles/new.html.erb within layouts/application (Duration: 3.5ms | Allocations: 1421)
Completed 500 Internal Server Error in 7ms (ActiveRecord: 0.0ms | Allocations: 1735)


  
ActionView::Template::Error (undefined method `errors' for nil:NilClass):
    1: <h1>New Article</h1>
    2: <<%= form_with scope: :article, url: articles_path, local: true do |form| %>
    3:  
    4:     <% if @article.errors.any? %>
    5:       <div id="error_explanation">
    6:         <h2>
    7:           <%= pluralize(@article.errors.count, "error") %> prohibited
  
app/views/articles/new.html.erb:4
app/views/articles/new.html.erb:2
Started GET "/articles" for 127.0.0.1 at 2020-04-25 16:55:18 +0200
  [1m[35m (0.2ms)[0m  [1m[34mSELECT sqlite_version(*)[0m
Processing by ArticlesController#index as HTML
  Rendering articles/index.html.erb within layouts/application
  [1m[36mArticle Load (0.6ms)[0m  [1m[34mSELECT "articles".* FROM "articles"[0m
  ↳ app/views/articles/index.html.erb:10
  Rendered articles/index.html.erb within layouts/application (Duration: 19.6ms | Allocations: 3468)
[Webpacker] Everything's up-to-date. Nothing to do
Completed 200 OK in 40ms (Views: 32.9ms | ActiveRecord: 2.5ms | Allocations: 7327)


Started GET "/articles/new" for 127.0.0.1 at 2020-04-25 16:55:20 +0200
Processing by ArticlesController#new as HTML
  Rendering articles/new.html.erb within layouts/application
  Rendered articles/new.html.erb within layouts/application (Duration: 9.3ms | Allocations: 785)
[Webpacker] Everything's up-to-date. Nothing to do
Completed 200 OK in 30ms (Views: 28.8ms | ActiveRecord: 0.0ms | Allocations: 4097)


Started POST "/articles" for 127.0.0.1 at 2020-04-25 16:55:26 +0200
Processing by ArticlesController#create as HTML
  Parameters: {"authenticity_token"=>"WRgAXq0wXauhIE5iEjc9OLZjx9IiFjS5LVoWn6Pfht0asaX4kYED4iW2rAtn0FE/s7XTPjezEtjpXjEI/9Gpiw==", "article"=>{"title"=>"second", "text"=>"hh"}, "commit"=>"Save Article"}
  [1m[35m (0.2ms)[0m  [1m[36mbegin transaction[0m
  ↳ app/controllers/articles_controller.rb:13:in `create'
  [1m[36mArticle Create (3.9ms)[0m  [1m[32mINSERT INTO "articles" ("title", "text", "created_at", "updated_at") VALUES (?, ?, ?, ?)[0m  [["title", "second"], ["text", "hh"], ["created_at", "2020-04-25 14:55:26.986453"], ["updated_at", "2020-04-25 14:55:26.986453"]]
  ↳ app/controllers/articles_controller.rb:13:in `create'
  [1m[35m (111.3ms)[0m  [1m[36mcommit transaction[0m
  ↳ app/controllers/articles_controller.rb:13:in `create'
Redirected to http://localhost:3000/articles/5
Completed 302 Found in 136ms (ActiveRecord: 115.3ms | Allocations: 3583)


Started GET "/articles/5" for 127.0.0.1 at 2020-04-25 16:55:27 +0200
Processing by ArticlesController#show as HTML
  Parameters: {"id"=>"5"}
  [1m[36mArticle Load (0.6ms)[0m  [1m[34mSELECT "articles".* FROM "articles" WHERE "articles"."id" = ? LIMIT ?[0m  [["id", 5], ["LIMIT", 1]]
  ↳ app/controllers/articles_controller.rb:9:in `show'
  Rendering articles/show.html.erb within layouts/application
  Rendered articles/show.html.erb within layouts/application (Duration: 0.5ms | Allocations: 41)
[Webpacker] Everything's up-to-date. Nothing to do
Completed 200 OK in 20ms (Views: 14.7ms | ActiveRecord: 0.6ms | Allocations: 3950)


Started GET "/articles" for 127.0.0.1 at 2020-04-25 16:55:30 +0200
Processing by ArticlesController#index as HTML
  Rendering articles/index.html.erb within layouts/application
  [1m[36mArticle Load (0.3ms)[0m  [1m[34mSELECT "articles".* FROM "articles"[0m
  ↳ app/views/articles/index.html.erb:10
  Rendered articles/index.html.erb within layouts/application (Duration: 4.6ms | Allocations: 792)
[Webpacker] Everything's up-to-date. Nothing to do
Completed 200 OK in 34ms (Views: 30.7ms | ActiveRecord: 0.3ms | Allocations: 4102)


Started GET "/articles/new" for 127.0.0.1 at 2020-04-25 16:55:31 +0200
Processing by ArticlesController#new as HTML
  Rendering articles/new.html.erb within layouts/application
  Rendered articles/new.html.erb within layouts/application (Duration: 6.1ms | Allocations: 665)
[Webpacker] Everything's up-to-date. Nothing to do
Completed 200 OK in 28ms (Views: 26.2ms | ActiveRecord: 0.0ms | Allocations: 3977)


Started POST "/articles" for 127.0.0.1 at 2020-04-25 16:55:35 +0200
Processing by ArticlesController#create as HTML
  Parameters: {"authenticity_token"=>"HQP2jTaTGVSADBPrOz6HMyFVLmjUp7yegvVCPNm1+YNeqlMrCiJHHQSa8YJO2es0JIM6hMECmv9G8WWrhbvW1Q==", "article"=>{"title"=>"", "text"=>"aaa"}, "commit"=>"Save Article"}
  Rendering articles/new.html.erb within layouts/application
  Rendered articles/new.html.erb within layouts/application (Duration: 6.3ms | Allocations: 953)
[Webpacker] Everything's up-to-date. Nothing to do
Completed 200 OK in 33ms (Views: 23.2ms | ActiveRecord: 0.0ms | Allocations: 5436)


Started GET "/articles/new" for 127.0.0.1 at 2020-04-25 17:05:49 +0200
  [1m[35m (0.2ms)[0m  [1m[34mSELECT sqlite_version(*)[0m
Processing by ArticlesController#new as HTML
  Rendering articles/new.html.erb within layouts/application
  Rendered articles/new.html.erb within layouts/application (Duration: 46.1ms | Allocations: 1055)
[Webpacker] Everything's up-to-date. Nothing to do
Completed 200 OK in 334ms (Views: 266.5ms | ActiveRecord: 0.0ms | Allocations: 7982)


Started POST "/articles" for 127.0.0.1 at 2020-04-25 17:06:54 +0200
Processing by ArticlesController#create as HTML
  Parameters: {"authenticity_token"=>"WF9jqcHBiyJQHWAHDhjhg8XL+KfMeEoUaPXxEEErIEZLOKVioXxxnUUjBlrvB/3imJJ4bhxsUWRBDYe0FDiLmw==", "article"=>{"title"=>"third ", "text"=>"this is my third post"}, "commit"=>"Save Article"}
  [1m[35m (0.2ms)[0m  [1m[36mbegin transaction[0m
  ↳ app/controllers/articles_controller.rb:16:in `create'
  [1m[36mArticle Create (15.1ms)[0m  [1m[32mINSERT INTO "articles" ("title", "text", "created_at", "updated_at") VALUES (?, ?, ?, ?)[0m  [["title", "third "], ["text", "this is my third post"], ["created_at", "2020-04-25 15:06:54.920898"], ["updated_at", "2020-04-25 15:06:54.920898"]]
  ↳ app/controllers/articles_controller.rb:16:in `create'
  [1m[35m (71.2ms)[0m  [1m[36mcommit transaction[0m
  ↳ app/controllers/articles_controller.rb:16:in `create'
Redirected to http://localhost:3000/articles/6
Completed 302 Found in 114ms (ActiveRecord: 86.4ms | Allocations: 3427)


Started GET "/articles/6" for 127.0.0.1 at 2020-04-25 17:06:55 +0200
Processing by ArticlesController#show as HTML
  Parameters: {"id"=>"6"}
  [1m[36mArticle Load (0.5ms)[0m  [1m[34mSELECT "articles".* FROM "articles" WHERE "articles"."id" = ? LIMIT ?[0m  [["id", 6], ["LIMIT", 1]]
  ↳ app/controllers/articles_controller.rb:12:in `show'
  Rendering articles/show.html.erb within layouts/application
  Rendered articles/show.html.erb within layouts/application (Duration: 4.0ms | Allocations: 219)
[Webpacker] Everything's up-to-date. Nothing to do
Completed 200 OK in 30ms (Views: 22.7ms | ActiveRecord: 0.5ms | Allocations: 4289)


Started GET "/articles/6/edit" for 127.0.0.1 at 2020-04-25 17:06:57 +0200
Processing by ArticlesController#edit as HTML
  Parameters: {"id"=>"6"}
  [1m[36mArticle Load (0.3ms)[0m  [1m[34mSELECT "articles".* FROM "articles" WHERE "articles"."id" = ? LIMIT ?[0m  [["id", 6], ["LIMIT", 1]]
  ↳ app/controllers/articles_controller.rb:6:in `edit'
  Rendering articles/edit.html.erb within layouts/application
  Rendered articles/edit.html.erb within layouts/application (Duration: 44.0ms | Allocations: 1104)
[Webpacker] Everything's up-to-date. Nothing to do
Completed 200 OK in 82ms (Views: 70.6ms | ActiveRecord: 0.3ms | Allocations: 5046)


Started PATCH "/articles/6" for 127.0.0.1 at 2020-04-25 17:07:01 +0200
Processing by ArticlesController#update as HTML
  Parameters: {"authenticity_token"=>"QYODTBduj3P9PhBnhJmdnhRNMiKi3U/r3uJc5GDOQ18b3MzMK3nA2QHy89QOYQRN8X3Ia3ZmyOm6MJw054xdZw==", "article"=>{"title"=>"third ", "text"=>"this is my third postlll"}, "commit"=>"Update Article", "id"=>"6"}
  [1m[36mArticle Load (0.3ms)[0m  [1m[34mSELECT "articles".* FROM "articles" WHERE "articles"."id" = ? LIMIT ?[0m  [["id", 6], ["LIMIT", 1]]
  ↳ app/controllers/articles_controller.rb:24:in `update'
  [1m[35m (0.2ms)[0m  [1m[36mbegin transaction[0m
  ↳ app/controllers/articles_controller.rb:26:in `update'
  [1m[36mArticle Update (12.9ms)[0m  [1m[33mUPDATE "articles" SET "text" = ?, "updated_at" = ? WHERE "articles"."id" = ?[0m  [["text", "this is my third postlll"], ["updated_at", "2020-04-25 15:07:01.589086"], ["id", 6]]
  ↳ app/controllers/articles_controller.rb:26:in `update'
  [1m[35m (124.5ms)[0m  [1m[36mcommit transaction[0m
  ↳ app/controllers/articles_controller.rb:26:in `update'
Redirected to http://localhost:3000/articles/6
Completed 302 Found in 375ms (ActiveRecord: 137.8ms | Allocations: 4124)


Started GET "/articles/6" for 127.0.0.1 at 2020-04-25 17:07:01 +0200
Processing by ArticlesController#show as HTML
  Parameters: {"id"=>"6"}
  [1m[36mArticle Load (0.3ms)[0m  [1m[34mSELECT "articles".* FROM "articles" WHERE "articles"."id" = ? LIMIT ?[0m  [["id", 6], ["LIMIT", 1]]
  ↳ app/controllers/articles_controller.rb:12:in `show'
  Rendering articles/show.html.erb within layouts/application
  Rendered articles/show.html.erb within layouts/application (Duration: 0.6ms | Allocations: 68)
[Webpacker] Everything's up-to-date. Nothing to do
Completed 200 OK in 25ms (Views: 20.3ms | ActiveRecord: 0.3ms | Allocations: 3861)


Started GET "/articles" for 127.0.0.1 at 2020-04-25 17:07:03 +0200
Processing by ArticlesController#index as HTML
  Rendering articles/index.html.erb within layouts/application
  [1m[36mArticle Load (0.7ms)[0m  [1m[34mSELECT "articles".* FROM "articles"[0m
  ↳ app/views/articles/index.html.erb:10
  Rendered articles/index.html.erb within layouts/application (Duration: 33.4ms | Allocations: 1205)
[Webpacker] Everything's up-to-date. Nothing to do
Completed 200 OK in 62ms (Views: 57.2ms | ActiveRecord: 0.7ms | Allocations: 4654)


Started GET "/articles/1/edit" for 127.0.0.1 at 2020-04-25 17:07:08 +0200
Processing by ArticlesController#edit as HTML
  Parameters: {"id"=>"1"}
  [1m[36mArticle Load (0.3ms)[0m  [1m[34mSELECT "articles".* FROM "articles" WHERE "articles"."id" = ? LIMIT ?[0m  [["id", 1], ["LIMIT", 1]]
  ↳ app/controllers/articles_controller.rb:6:in `edit'
  Rendering articles/edit.html.erb within layouts/application
  Rendered articles/edit.html.erb within layouts/application (Duration: 6.5ms | Allocations: 744)
[Webpacker] Everything's up-to-date. Nothing to do
Completed 200 OK in 32ms (Views: 25.1ms | ActiveRecord: 0.3ms | Allocations: 4537)


Started PATCH "/articles/1" for 127.0.0.1 at 2020-04-25 17:07:12 +0200
Processing by ArticlesController#update as HTML
  Parameters: {"authenticity_token"=>"1hnW474UaporXqfYazkywIxaMBr3YtQ8nz2PqCsXwVOqBmVtC1t/2Ng23c3BAgmMknT9DVTGqNzz8SvbF5BJqg==", "article"=>{"title"=>"first post", "text"=>"this is my first posthh"}, "commit"=>"Update Article", "id"=>"1"}
  [1m[36mArticle Load (0.4ms)[0m  [1m[34mSELECT "articles".* FROM "articles" WHERE "articles"."id" = ? LIMIT ?[0m  [["id", 1], ["LIMIT", 1]]
  ↳ app/controllers/articles_controller.rb:24:in `update'
  [1m[35m (0.2ms)[0m  [1m[36mbegin transaction[0m
  ↳ app/controllers/articles_controller.rb:26:in `update'
  [1m[36mArticle Update (1.5ms)[0m  [1m[33mUPDATE "articles" SET "text" = ?, "updated_at" = ? WHERE "articles"."id" = ?[0m  [["text", "this is my first posthh"], ["updated_at", "2020-04-25 15:07:12.610189"], ["id", 1]]
  ↳ app/controllers/articles_controller.rb:26:in `update'
  [1m[35m (71.2ms)[0m  [1m[36mcommit transaction[0m
  ↳ app/controllers/articles_controller.rb:26:in `update'
Redirected to http://localhost:3000/articles/1
Completed 302 Found in 97ms (ActiveRecord: 73.3ms | Allocations: 3943)


Started GET "/articles/1" for 127.0.0.1 at 2020-04-25 17:07:12 +0200
Processing by ArticlesController#show as HTML
  Parameters: {"id"=>"1"}
  [1m[36mArticle Load (0.3ms)[0m  [1m[34mSELECT "articles".* FROM "articles" WHERE "articles"."id" = ? LIMIT ?[0m  [["id", 1], ["LIMIT", 1]]
  ↳ app/controllers/articles_controller.rb:12:in `show'
  Rendering articles/show.html.erb within layouts/application
  Rendered articles/show.html.erb within layouts/application (Duration: 0.6ms | Allocations: 66)
[Webpacker] Everything's up-to-date. Nothing to do
Completed 200 OK in 17ms (Views: 13.4ms | ActiveRecord: 0.3ms | Allocations: 3868)


Started GET "/articles" for 127.0.0.1 at 2020-04-25 17:24:30 +0200
  [1m[35m (0.2ms)[0m  [1m[34mSELECT sqlite_version(*)[0m
Processing by ArticlesController#index as HTML
  Rendering articles/index.html.erb within layouts/application
  [1m[36mArticle Load (0.7ms)[0m  [1m[34mSELECT "articles".* FROM "articles"[0m
  ↳ app/views/articles/index.html.erb:10
  Rendered articles/index.html.erb within layouts/application (Duration: 20.0ms | Allocations: 3903)
[Webpacker] Everything's up-to-date. Nothing to do
Completed 200 OK in 65ms (Views: 41.7ms | ActiveRecord: 0.7ms | Allocations: 8511)


Started DELETE "/articles/1" for 127.0.0.1 at 2020-04-25 17:24:35 +0200
Processing by ArticlesController#destroy as HTML
  Parameters: {"authenticity_token"=>"nhAkTGQu2EV+j8WNEEHd62P5WiWd3X/a9AeSY2GRT+GNd+KHBJMi+muxo9DxXsGKPqDa7E3JZKrd/+THNILkPA==", "id"=>"1"}
  [1m[36mArticle Load (0.4ms)[0m  [1m[34mSELECT "articles".* FROM "articles" WHERE "articles"."id" = ? LIMIT ?[0m  [["id", 1], ["LIMIT", 1]]
  ↳ app/controllers/articles_controller.rb:39:in `destroy'
  [1m[35m (0.2ms)[0m  [1m[36mbegin transaction[0m
  ↳ app/controllers/articles_controller.rb:40:in `destroy'
  [1m[36mArticle Destroy (14.6ms)[0m  [1m[31mDELETE FROM "articles" WHERE "articles"."id" = ?[0m  [["id", 1]]
  ↳ app/controllers/articles_controller.rb:40:in `destroy'
  [1m[35m (95.4ms)[0m  [1m[36mcommit transaction[0m
  ↳ app/controllers/articles_controller.rb:40:in `destroy'
Redirected to http://localhost:3000/articles
Completed 302 Found in 134ms (ActiveRecord: 110.6ms | Allocations: 3641)


Started GET "/articles" for 127.0.0.1 at 2020-04-25 17:24:36 +0200
Processing by ArticlesController#index as HTML
  Rendering articles/index.html.erb within layouts/application
  [1m[36mArticle Load (0.4ms)[0m  [1m[34mSELECT "articles".* FROM "articles"[0m
  ↳ app/views/articles/index.html.erb:10
  Rendered articles/index.html.erb within layouts/application (Duration: 7.2ms | Allocations: 1160)
[Webpacker] Everything's up-to-date. Nothing to do
Completed 200 OK in 20ms (Views: 18.6ms | ActiveRecord: 0.4ms | Allocations: 4471)


Started GET "/articles/new" for 127.0.0.1 at 2020-04-25 17:24:38 +0200
Processing by ArticlesController#new as HTML
  Rendering articles/new.html.erb within layouts/application
  Rendered articles/_form.html.erb (Duration: 9.2ms | Allocations: 1063)
  Rendered articles/new.html.erb within layouts/application (Duration: 11.4ms | Allocations: 1382)
[Webpacker] Everything's up-to-date. Nothing to do
Completed 200 OK in 32ms (Views: 27.5ms | ActiveRecord: 0.0ms | Allocations: 4829)


  [1m[35m (1.6ms)[0m  [1m[34mSELECT sqlite_version(*)[0m
  [1m[35m (0.8ms)[0m  [1m[34mSELECT "schema_migrations"."version" FROM "schema_migrations" ORDER BY "schema_migrations"."version" ASC[0m
Migrating to CreateComments (20200425152528)
  [1m[35m (0.2ms)[0m  [1m[36mbegin transaction[0m
  [1m[35m (4.8ms)[0m  [1m[35mCREATE TABLE "comments" ("id" integer PRIMARY KEY AUTOINCREMENT NOT NULL, "commenter" varchar, "body" text, "article_id" integer NOT NULL, "created_at" datetime(6) NOT NULL, "updated_at" datetime(6) NOT NULL, CONSTRAINT "fk_rails_3bf61a60d3"
FOREIGN KEY ("article_id")
  REFERENCES "articles" ("id")
)[0m
  [1m[35m (0.6ms)[0m  [1m[35mCREATE  INDEX "index_comments_on_article_id" ON "comments" ("article_id")[0m
  [1m[36mprimary::SchemaMigration Create (1.0ms)[0m  [1m[32mINSERT INTO "schema_migrations" ("version") VALUES (?)[0m  [["version", "20200425152528"]]
  [1m[35m (101.4ms)[0m  [1m[36mcommit transaction[0m
  [1m[36mActiveRecord::InternalMetadata Load (0.5ms)[0m  [1m[34mSELECT "ar_internal_metadata".* FROM "ar_internal_metadata" WHERE "ar_internal_metadata"."key" = ? LIMIT ?[0m  [["key", "environment"], ["LIMIT", 1]]
  [1m[35m (0.2ms)[0m  [1m[34mSELECT sqlite_version(*)[0m
  [1m[35m (0.4ms)[0m  [1m[34mSELECT "schema_migrations"."version" FROM "schema_migrations" ORDER BY "schema_migrations"."version" ASC[0m
Started GET "/articles" for 127.0.0.1 at 2020-04-25 17:28:41 +0200
  [1m[35m (0.2ms)[0m  [1m[34mSELECT sqlite_version(*)[0m
  [1m[35m (0.4ms)[0m  [1m[34mSELECT "schema_migrations"."version" FROM "schema_migrations" ORDER BY "schema_migrations"."version" ASC[0m
Processing by ArticlesController#index as HTML
  Rendering articles/index.html.erb within layouts/application
  [1m[36mArticle Load (0.5ms)[0m  [1m[34mSELECT "articles".* FROM "articles"[0m
  ↳ app/views/articles/index.html.erb:10
  Rendered articles/index.html.erb within layouts/application (Duration: 19.5ms | Allocations: 3758)
[Webpacker] Everything's up-to-date. Nothing to do
Completed 200 OK in 40ms (Views: 32.9ms | ActiveRecord: 2.2ms | Allocations: 7508)


Started GET "/articles/new" for 127.0.0.1 at 2020-04-25 17:38:40 +0200
  [1m[35m (0.2ms)[0m  [1m[34mSELECT sqlite_version(*)[0m
Processing by ArticlesController#new as HTML
  Rendering articles/new.html.erb within layouts/application
  Rendered articles/_form.html.erb (Duration: 6.6ms | Allocations: 1047)
  Rendered articles/new.html.erb within layouts/application (Duration: 9.5ms | Allocations: 1370)
[Webpacker] Everything's up-to-date. Nothing to do
Completed 200 OK in 261ms (Views: 186.5ms | ActiveRecord: 0.0ms | Allocations: 18258)


Started GET "/articles/new" for 127.0.0.1 at 2020-04-25 17:38:41 +0200
Processing by ArticlesController#new as HTML
  Rendering articles/new.html.erb within layouts/application
  Rendered articles/_form.html.erb (Duration: 3.4ms | Allocations: 685)
  Rendered articles/new.html.erb within layouts/application (Duration: 4.1ms | Allocations: 766)
[Webpacker] Everything's up-to-date. Nothing to do
Completed 200 OK in 19ms (Views: 17.8ms | ActiveRecord: 0.0ms | Allocations: 4163)


Started POST "/articles" for 127.0.0.1 at 2020-04-25 17:38:48 +0200
Processing by ArticlesController#create as HTML
  Parameters: {"authenticity_token"=>"NxZORxquWm5SOowe6Hgglsd9XnQYasT6cIXDfbtNWBQkcYiMehOg0UcE6kMJZzz3miTevch+34pZfbXZ7l7zyQ==", "article"=>{"title"=>"mmm", "text"=>"kkkkliuhiyyuuutytyt"}, "commit"=>"Create Article"}
  Rendering articles/new.html.erb within layouts/application
  Rendered articles/_form.html.erb (Duration: 5.8ms | Allocations: 828)
  Rendered articles/new.html.erb within layouts/application (Duration: 6.6ms | Allocations: 908)
[Webpacker] Everything's up-to-date. Nothing to do
Completed 200 OK in 28ms (Views: 21.1ms | ActiveRecord: 0.0ms | Allocations: 5110)


Started POST "/articles" for 127.0.0.1 at 2020-04-25 17:38:55 +0200
Processing by ArticlesController#create as HTML
  Parameters: {"authenticity_token"=>"RZOWwtuJBhFo42qZtUotiNm4NbmVegfeHFSQe6zx4GxW9FAJuzT8rn3dDMRUVTHphOG1cEVuHK41rObf+eJLsQ==", "article"=>{"title"=>"mmmjjkjkjk", "text"=>"kkkkliuhiyyuuutytyt"}, "commit"=>"Create Article"}
  [1m[35m (0.2ms)[0m  [1m[36mbegin transaction[0m
  ↳ app/controllers/articles_controller.rb:21:in `create'
  [1m[36mArticle Create (1.6ms)[0m  [1m[32mINSERT INTO "articles" ("title", "text", "created_at", "updated_at") VALUES (?, ?, ?, ?)[0m  [["title", "mmmjjkjkjk"], ["text", "kkkkliuhiyyuuutytyt"], ["created_at", "2020-04-25 15:38:55.676500"], ["updated_at", "2020-04-25 15:38:55.676500"]]
  ↳ app/controllers/articles_controller.rb:21:in `create'
  [1m[35m (129.0ms)[0m  [1m[36mcommit transaction[0m
  ↳ app/controllers/articles_controller.rb:21:in `create'
Redirected to http://localhost:3000/articles/7
Completed 302 Found in 147ms (ActiveRecord: 130.8ms | Allocations: 3639)


Started GET "/articles/7" for 127.0.0.1 at 2020-04-25 17:38:55 +0200
Processing by ArticlesController#show as HTML
  Parameters: {"id"=>"7"}
  [1m[36mArticle Load (0.5ms)[0m  [1m[34mSELECT "articles".* FROM "articles" WHERE "articles"."id" = ? LIMIT ?[0m  [["id", 7], ["LIMIT", 1]]
  ↳ app/controllers/articles_controller.rb:7:in `show'
  Rendering articles/show.html.erb within layouts/application
  [1m[36mComment Load (0.9ms)[0m  [1m[34mSELECT "comments".* FROM "comments" WHERE "comments"."article_id" = ?[0m  [["article_id", 7]]
  ↳ app/views/articles/show.html.erb:12
  Rendered articles/show.html.erb within layouts/application (Duration: 142.4ms | Allocations: 11627)
[Webpacker] Everything's up-to-date. Nothing to do
Completed 200 OK in 173ms (Views: 152.4ms | ActiveRecord: 3.1ms | Allocations: 15673)


Started POST "/articles/7/comments" for 127.0.0.1 at 2020-04-25 17:39:03 +0200
Processing by CommentsController#create as HTML
  Parameters: {"authenticity_token"=>"FLNeMloqy2bz8/+zlzJvBjwKQDzqtqK8N/dfpNnvLtsH1Jj5Opcx2ebNme52LXNnYVPA9TqiucweDykAjPyFBg==", "comment"=>{"commenter"=>"hiii", "body"=>"vyee"}, "commit"=>"Create Comment", "article_id"=>"7"}
  [1m[36mArticle Load (0.3ms)[0m  [1m[34mSELECT "articles".* FROM "articles" WHERE "articles"."id" = ? LIMIT ?[0m  [["id", 7], ["LIMIT", 1]]
  ↳ app/controllers/comments_controller.rb:3:in `create'
  [1m[35m (0.2ms)[0m  [1m[36mbegin transaction[0m
  ↳ app/controllers/comments_controller.rb:4:in `create'
  [1m[36mComment Create (0.9ms)[0m  [1m[32mINSERT INTO "comments" ("commenter", "body", "article_id", "created_at", "updated_at") VALUES (?, ?, ?, ?, ?)[0m  [["commenter", "hiii"], ["body", "vyee"], ["article_id", 7], ["created_at", "2020-04-25 15:39:03.171919"], ["updated_at", "2020-04-25 15:39:03.171919"]]
  ↳ app/controllers/comments_controller.rb:4:in `create'
  [1m[35m (146.2ms)[0m  [1m[36mcommit transaction[0m
  ↳ app/controllers/comments_controller.rb:4:in `create'
Redirected to http://localhost:3000/articles/7
Completed 302 Found in 175ms (ActiveRecord: 147.5ms | Allocations: 4400)


Started GET "/articles/7" for 127.0.0.1 at 2020-04-25 17:39:03 +0200
Processing by ArticlesController#show as HTML
  Parameters: {"id"=>"7"}
  [1m[36mArticle Load (0.3ms)[0m  [1m[34mSELECT "articles".* FROM "articles" WHERE "articles"."id" = ? LIMIT ?[0m  [["id", 7], ["LIMIT", 1]]
  ↳ app/controllers/articles_controller.rb:7:in `show'
  Rendering articles/show.html.erb within layouts/application
  [1m[36mComment Load (32.3ms)[0m  [1m[34mSELECT "comments".* FROM "comments" WHERE "comments"."article_id" = ?[0m  [["article_id", 7]]
  ↳ app/views/articles/show.html.erb:12
  Rendered articles/show.html.erb within layouts/application (Duration: 42.7ms | Allocations: 1504)
[Webpacker] Everything's up-to-date. Nothing to do
Completed 200 OK in 64ms (Views: 26.3ms | ActiveRecord: 32.7ms | Allocations: 5370)


Started GET "/articles" for 127.0.0.1 at 2020-04-25 17:46:55 +0200
  [1m[35m (0.2ms)[0m  [1m[34mSELECT sqlite_version(*)[0m
Processing by ArticlesController#index as HTML
  Rendering articles/index.html.erb within layouts/application
  [1m[36mArticle Load (0.5ms)[0m  [1m[34mSELECT "articles".* FROM "articles"[0m
  ↳ app/views/articles/index.html.erb:10
  Rendered articles/index.html.erb within layouts/application (Duration: 19.9ms | Allocations: 3885)
[Webpacker] Everything's up-to-date. Nothing to do
Completed 200 OK in 58ms (Views: 36.1ms | ActiveRecord: 0.5ms | Allocations: 9108)


Started GET "/articles/new" for 127.0.0.1 at 2020-04-25 17:46:57 +0200
Processing by ArticlesController#new as HTML
Filter chain halted as #<Proc:0x0000562439a678c8 /home/yasmine/.rvm/gems/ruby-2.7.1/gems/actionpack-6.0.2.2/lib/action_controller/metal/http_authentication.rb:73> rendered or redirected
Completed 401 Unauthorized in 3ms (ActiveRecord: 0.0ms | Allocations: 247)


Started GET "/articles/new" for 127.0.0.1 at 2020-04-25 17:47:05 +0200
Processing by ArticlesController#new as HTML
  Rendering articles/new.html.erb within layouts/application
  Rendered articles/_form.html.erb (Duration: 7.0ms | Allocations: 1042)
  Rendered articles/new.html.erb within layouts/application (Duration: 9.5ms | Allocations: 1380)
[Webpacker] Everything's up-to-date. Nothing to do
Completed 200 OK in 34ms (Views: 31.2ms | ActiveRecord: 0.0ms | Allocations: 4954)


Started POST "/articles" for 127.0.0.1 at 2020-04-25 17:47:17 +0200
Processing by ArticlesController#create as HTML
  Parameters: {"authenticity_token"=>"g5KJCc0Ub41FnYnzJh9nX0CivRRstKWicwwVTmGMxnnAOyyv8aUxxMELa5pT+AtYRXSp+HkRg8O3CDLZPYLpLw==", "article"=>{"title"=>"corona", "text"=>"corona virus"}, "commit"=>"Create Article"}
Filter chain halted as #<Proc:0x0000562439a678c8 /home/yasmine/.rvm/gems/ruby-2.7.1/gems/actionpack-6.0.2.2/lib/action_controller/metal/http_authentication.rb:73> rendered or redirected
Completed 401 Unauthorized in 5ms (ActiveRecord: 0.0ms | Allocations: 308)


Started POST "/articles" for 127.0.0.1 at 2020-04-25 17:47:17 +0200
Processing by ArticlesController#create as HTML
  Parameters: {"authenticity_token"=>"g5KJCc0Ub41FnYnzJh9nX0CivRRstKWicwwVTmGMxnnAOyyv8aUxxMELa5pT+AtYRXSp+HkRg8O3CDLZPYLpLw==", "article"=>{"title"=>"corona", "text"=>"corona virus"}, "commit"=>"Create Article"}
  [1m[35m (0.2ms)[0m  [1m[36mbegin transaction[0m
  ↳ app/controllers/articles_controller.rb:22:in `create'
  [1m[36mArticle Create (1.2ms)[0m  [1m[32mINSERT INTO "articles" ("title", "text", "created_at", "updated_at") VALUES (?, ?, ?, ?)[0m  [["title", "corona"], ["text", "corona virus"], ["created_at", "2020-04-25 15:47:17.695678"], ["updated_at", "2020-04-25 15:47:17.695678"]]
  ↳ app/controllers/articles_controller.rb:22:in `create'
  [1m[35m (129.8ms)[0m  [1m[36mcommit transaction[0m
  ↳ app/controllers/articles_controller.rb:22:in `create'
Redirected to http://localhost:3000/articles/8
Completed 302 Found in 155ms (ActiveRecord: 131.2ms | Allocations: 3674)


Started GET "/articles/8" for 127.0.0.1 at 2020-04-25 17:47:17 +0200
Processing by ArticlesController#show as HTML
  Parameters: {"id"=>"8"}
  [1m[36mArticle Load (0.5ms)[0m  [1m[34mSELECT "articles".* FROM "articles" WHERE "articles"."id" = ? LIMIT ?[0m  [["id", 8], ["LIMIT", 1]]
  ↳ app/controllers/articles_controller.rb:8:in `show'
  Rendering articles/show.html.erb within layouts/application
  [1m[36mComment Load (0.5ms)[0m  [1m[34mSELECT "comments".* FROM "comments" WHERE "comments"."article_id" = ?[0m  [["article_id", 8]]
  ↳ app/views/articles/show.html.erb:13
  Rendered collection of templates [0 times] (Duration: 0.1ms | Allocations: 3)
  Rendered comments/_form.html.erb (Duration: 21.4ms | Allocations: 4066)
  Rendered articles/show.html.erb within layouts/application (Duration: 34.9ms | Allocations: 6442)
[Webpacker] Everything's up-to-date. Nothing to do
Completed 200 OK in 55ms (Views: 48.1ms | ActiveRecord: 0.9ms | Allocations: 10460)


Started POST "/articles/8/comments" for 127.0.0.1 at 2020-04-25 17:47:27 +0200
Processing by CommentsController#create as HTML
  Parameters: {"authenticity_token"=>"wnauhtrXhCacWFwM/VpCkZnH0O+n5/7aERMCDp5TZCvREWhNump+mYlmOlEcRV7wxJ5QJnfz5ao463Sqy0DP9g==", "comment"=>{"commenter"=>"panademic", "body"=>"quarantine"}, "commit"=>"Create Comment", "article_id"=>"8"}
  [1m[36mArticle Load (0.3ms)[0m  [1m[34mSELECT "articles".* FROM "articles" WHERE "articles"."id" = ? LIMIT ?[0m  [["id", 8], ["LIMIT", 1]]
  ↳ app/controllers/comments_controller.rb:5:in `create'
  [1m[35m (0.2ms)[0m  [1m[36mbegin transaction[0m
  ↳ app/controllers/comments_controller.rb:6:in `create'
  [1m[36mComment Create (2.0ms)[0m  [1m[32mINSERT INTO "comments" ("commenter", "body", "article_id", "created_at", "updated_at") VALUES (?, ?, ?, ?, ?)[0m  [["commenter", "panademic"], ["body", "quarantine"], ["article_id", 8], ["created_at", "2020-04-25 15:47:27.033607"], ["updated_at", "2020-04-25 15:47:27.033607"]]
  ↳ app/controllers/comments_controller.rb:6:in `create'
  [1m[35m (170.7ms)[0m  [1m[36mcommit transaction[0m
  ↳ app/controllers/comments_controller.rb:6:in `create'
Redirected to http://localhost:3000/articles/8
Completed 302 Found in 199ms (ActiveRecord: 173.1ms | Allocations: 4446)


Started GET "/articles/8" for 127.0.0.1 at 2020-04-25 17:47:27 +0200
Processing by ArticlesController#show as HTML
  Parameters: {"id"=>"8"}
  [1m[36mArticle Load (0.4ms)[0m  [1m[34mSELECT "articles".* FROM "articles" WHERE "articles"."id" = ? LIMIT ?[0m  [["id", 8], ["LIMIT", 1]]
  ↳ app/controllers/articles_controller.rb:8:in `show'
  Rendering articles/show.html.erb within layouts/application
  [1m[36mComment Load (0.4ms)[0m  [1m[34mSELECT "comments".* FROM "comments" WHERE "comments"."article_id" = ?[0m  [["article_id", 8]]
  ↳ app/views/articles/show.html.erb:13
  Rendered collection of comments/_comment.html.erb [1 times] (Duration: 2.4ms | Allocations: 270)
  Rendered comments/_form.html.erb (Duration: 4.6ms | Allocations: 769)
  Rendered articles/show.html.erb within layouts/application (Duration: 13.8ms | Allocations: 2133)
[Webpacker] Everything's up-to-date. Nothing to do
Completed 200 OK in 32ms (Views: 26.0ms | ActiveRecord: 0.8ms | Allocations: 5986)


Started DELETE "/articles/8/comments/2" for 127.0.0.1 at 2020-04-25 17:47:31 +0200
Processing by CommentsController#destroy as HTML
  Parameters: {"authenticity_token"=>"kMoNK1ojzogM5fSjgyhW3JWftp7IfGJF/MA6HO08XCeDrcvgOp40Nxnbkv5iN0q9yMY2VxhoeTXVOEy4uC/3+g==", "article_id"=>"8", "id"=>"2"}
  [1m[36mArticle Load (0.3ms)[0m  [1m[34mSELECT "articles".* FROM "articles" WHERE "articles"."id" = ? LIMIT ?[0m  [["id", 8], ["LIMIT", 1]]
  ↳ app/controllers/comments_controller.rb:11:in `destroy'
  [1m[36mComment Load (0.4ms)[0m  [1m[34mSELECT "comments".* FROM "comments" WHERE "comments"."article_id" = ? AND "comments"."id" = ? LIMIT ?[0m  [["article_id", 8], ["id", 2], ["LIMIT", 1]]
  ↳ app/controllers/comments_controller.rb:12:in `destroy'
  [1m[35m (0.2ms)[0m  [1m[36mbegin transaction[0m
  ↳ app/controllers/comments_controller.rb:13:in `destroy'
  [1m[36mComment Destroy (1.6ms)[0m  [1m[31mDELETE FROM "comments" WHERE "comments"."id" = ?[0m  [["id", 2]]
  ↳ app/controllers/comments_controller.rb:13:in `destroy'
  [1m[35m (102.7ms)[0m  [1m[36mcommit transaction[0m
  ↳ app/controllers/comments_controller.rb:13:in `destroy'
Redirected to http://localhost:3000/articles/8
Completed 302 Found in 142ms (ActiveRecord: 105.2ms | Allocations: 4284)


Started GET "/articles/8" for 127.0.0.1 at 2020-04-25 17:47:31 +0200
Processing by ArticlesController#show as HTML
  Parameters: {"id"=>"8"}
  [1m[36mArticle Load (0.3ms)[0m  [1m[34mSELECT "articles".* FROM "articles" WHERE "articles"."id" = ? LIMIT ?[0m  [["id", 8], ["LIMIT", 1]]
  ↳ app/controllers/articles_controller.rb:8:in `show'
  Rendering articles/show.html.erb within layouts/application
  [1m[36mComment Load (0.3ms)[0m  [1m[34mSELECT "comments".* FROM "comments" WHERE "comments"."article_id" = ?[0m  [["article_id", 8]]
  ↳ app/views/articles/show.html.erb:13
  Rendered collection of templates [0 times] (Duration: 0.1ms | Allocations: 3)
  Rendered comments/_form.html.erb (Duration: 5.0ms | Allocations: 776)
  Rendered articles/show.html.erb within layouts/application (Duration: 11.1ms | Allocations: 1646)
[Webpacker] Everything's up-to-date. Nothing to do
Completed 200 OK in 35ms (Views: 29.7ms | ActiveRecord: 0.6ms | Allocations: 5520)


Started GET "/articles" for 127.0.0.1 at 2020-04-25 17:47:34 +0200
Processing by ArticlesController#index as HTML
  Rendering articles/index.html.erb within layouts/application
  [1m[36mArticle Load (0.3ms)[0m  [1m[34mSELECT "articles".* FROM "articles"[0m
  ↳ app/views/articles/index.html.erb:10
  Rendered articles/index.html.erb within layouts/application (Duration: 6.6ms | Allocations: 1383)
[Webpacker] Everything's up-to-date. Nothing to do
Completed 200 OK in 31ms (Views: 29.5ms | ActiveRecord: 0.3ms | Allocations: 4762)


Started GET "/articles/5/edit" for 127.0.0.1 at 2020-04-25 17:47:36 +0200
Processing by ArticlesController#edit as HTML
  Parameters: {"id"=>"5"}
  [1m[36mArticle Load (0.3ms)[0m  [1m[34mSELECT "articles".* FROM "articles" WHERE "articles"."id" = ? LIMIT ?[0m  [["id", 5], ["LIMIT", 1]]
  ↳ app/controllers/articles_controller.rb:16:in `edit'
  Rendering articles/edit.html.erb within layouts/application
  Rendered articles/_form.html.erb (Duration: 4.1ms | Allocations: 730)
  Rendered articles/edit.html.erb within layouts/application (Duration: 5.7ms | Allocations: 918)
[Webpacker] Everything's up-to-date. Nothing to do
Completed 200 OK in 25ms (Views: 19.6ms | ActiveRecord: 0.3ms | Allocations: 4947)


Started PATCH "/articles/5" for 127.0.0.1 at 2020-04-25 17:47:41 +0200
Processing by ArticlesController#update as HTML
  Parameters: {"authenticity_token"=>"thnkHYYiyfiIxq5kB/f8TjrvzK9iGXcTj0AEe2+nq9sT/AjGmxELZrm6ZX+G5x+kI/FxLlUCg28tjOU9hgHpgA==", "article"=>{"title"=>"second", "text"=>"hhhhhhhh"}, "commit"=>"Update Article", "id"=>"5"}
  [1m[36mArticle Load (0.3ms)[0m  [1m[34mSELECT "articles".* FROM "articles" WHERE "articles"."id" = ? LIMIT ?[0m  [["id", 5], ["LIMIT", 1]]
  ↳ app/controllers/articles_controller.rb:30:in `update'
  [1m[35m (0.1ms)[0m  [1m[36mbegin transaction[0m
  ↳ app/controllers/articles_controller.rb:32:in `update'
  [1m[36mArticle Update (0.9ms)[0m  [1m[33mUPDATE "articles" SET "text" = ?, "updated_at" = ? WHERE "articles"."id" = ?[0m  [["text", "hhhhhhhh"], ["updated_at", "2020-04-25 15:47:41.836661"], ["id", 5]]
  ↳ app/controllers/articles_controller.rb:32:in `update'
  [1m[35m (96.1ms)[0m  [1m[36mcommit transaction[0m
  ↳ app/controllers/articles_controller.rb:32:in `update'
Redirected to http://localhost:3000/articles/5
Completed 302 Found in 128ms (ActiveRecord: 97.4ms | Allocations: 4136)


Started GET "/articles/5" for 127.0.0.1 at 2020-04-25 17:47:41 +0200
Processing by ArticlesController#show as HTML
  Parameters: {"id"=>"5"}
  [1m[36mArticle Load (0.3ms)[0m  [1m[34mSELECT "articles".* FROM "articles" WHERE "articles"."id" = ? LIMIT ?[0m  [["id", 5], ["LIMIT", 1]]
  ↳ app/controllers/articles_controller.rb:8:in `show'
  Rendering articles/show.html.erb within layouts/application
  [1m[36mComment Load (0.3ms)[0m  [1m[34mSELECT "comments".* FROM "comments" WHERE "comments"."article_id" = ?[0m  [["article_id", 5]]
  ↳ app/views/articles/show.html.erb:13
  Rendered collection of templates [0 times] (Duration: 0.1ms | Allocations: 3)
  Rendered comments/_form.html.erb (Duration: 8.9ms | Allocations: 777)
  Rendered articles/show.html.erb within layouts/application (Duration: 14.8ms | Allocations: 1648)
[Webpacker] Everything's up-to-date. Nothing to do
Completed 200 OK in 46ms (Views: 41.5ms | ActiveRecord: 0.6ms | Allocations: 5502)


  [1m[35m (3.5ms)[0m  [1m[34mSELECT sqlite_version(*)[0m
  [1m[35m (0.7ms)[0m  [1m[34mSELECT "schema_migrations"."version" FROM "schema_migrations" ORDER BY "schema_migrations"."version" ASC[0m
Migrating to CreateUsers (20200425184654)
  [1m[35m (0.2ms)[0m  [1m[36mbegin transaction[0m
  [1m[35m (4.6ms)[0m  [1m[35mCREATE TABLE "users" ("id" integer PRIMARY KEY AUTOINCREMENT NOT NULL, "username" varchar, "email" varchar, "encrypted_password" varchar, "salt" varchar, "created_at" datetime(6) NOT NULL, "updated_at" datetime(6) NOT NULL)[0m
  [1m[36mprimary::SchemaMigration Create (0.6ms)[0m  [1m[32mINSERT INTO "schema_migrations" ("version") VALUES (?)[0m  [["version", "20200425184654"]]
  [1m[35m (274.2ms)[0m  [1m[36mcommit transaction[0m
  [1m[36mActiveRecord::InternalMetadata Load (0.9ms)[0m  [1m[34mSELECT "ar_internal_metadata".* FROM "ar_internal_metadata" WHERE "ar_internal_metadata"."key" = ? LIMIT ?[0m  [["key", "environment"], ["LIMIT", 1]]
  [1m[35m (0.2ms)[0m  [1m[34mSELECT sqlite_version(*)[0m
  [1m[35m (0.5ms)[0m  [1m[34mSELECT "schema_migrations"."version" FROM "schema_migrations" ORDER BY "schema_migrations"."version" ASC[0m
